Flow report for halfadder
Sat Jul 07 17:38:02 2018
Quartus II 64-Bit Version 13.0.1 Build 232 06/12/2013 Service Pack 1 SJ Web Edition


---------------------
; Table of Contents ;
---------------------
  1. Legal Notice
  2. Flow Summary
  3. Flow Settings
  4. Flow Non-Default Global Settings
  5. Flow Elapsed Time
  6. Flow OS Summary
  7. Flow Log
  8. Flow Messages
  9. Flow Suppressed Messages



----------------
; Legal Notice ;
----------------
Copyright (C) 1991-2013 Altera Corporation
Your use of Altera Corporation's design tools, logic functions 
and other software and tools, and its AMPP partner logic 
functions, and any output files from any of the foregoing 
(including device programming or simulation files), and any 
associated documentation or information are expressly subject 
to the terms and conditions of the Altera Program License 
Subscription Agreement, Altera MegaCore Function License 
Agreement, or other applicable license agreement, including, 
without limitation, that your use is for the sole purpose of 
programming logic devices manufactured by Altera and sold by 
Altera or its authorized distributors.  Please refer to the 
applicable agreement for further details.



+---------------------------------------------------------------------------------------+
; Flow Summary                                                                          ;
+-------------------------------------+-------------------------------------------------+
; Flow Status                         ; Successful - Sat Jul 07 17:38:02 2018           ;
; Quartus II 64-Bit Version           ; 13.0.1 Build 232 06/12/2013 SP 1 SJ Web Edition ;
; Revision Name                       ; halfadder                                       ;
; Top-level Entity Name               ; halfadder                                       ;
; Family                              ; Cyclone V                                       ;
; Device                              ; 5CSEMA5F31C6                                    ;
; Timing Models                       ; Preliminary                                     ;
; Logic utilization (in ALMs)         ; 2 / 32,070 ( < 1 % )                            ;
; Total registers                     ; 0                                               ;
; Total pins                          ; 4 / 457 ( < 1 % )                               ;
; Total virtual pins                  ; 0                                               ;
; Total block memory bits             ; 0 / 4,065,280 ( 0 % )                           ;
; Total DSP Blocks                    ; 0 / 87 ( 0 % )                                  ;
; Total HSSI RX PCSs                  ; 0                                               ;
; Total HSSI PMA RX Deserializers     ; 0                                               ;
; Total HSSI PMA RX ATT Deserializers ; 0                                               ;
; Total HSSI TX PCSs                  ; 0                                               ;
; Total HSSI PMA TX Serializers       ; 0                                               ;
; Total HSSI PMA TX ATT Serializers   ; 0                                               ;
; Total PLLs                          ; 0 / 6 ( 0 % )                                   ;
; Total DLLs                          ; 0 / 4 ( 0 % )                                   ;
+-------------------------------------+-------------------------------------------------+


+-----------------------------------------+
; Flow Settings                           ;
+-------------------+---------------------+
; Option            ; Setting             ;
+-------------------+---------------------+
; Start date & time ; 07/07/2018 17:35:27 ;
; Main task         ; Compilation         ;
; Revision Name     ; halfadder           ;
+-------------------+---------------------+


+----------------------------------------------------------------------------------------------------------------------+
; Flow Non-Default Global Settings                                                                                     ;
+-------------------------------------+---------------------------------+---------------+-------------+----------------+
; Assignment Name                     ; Value                           ; Default Value ; Entity Name ; Section Id     ;
+-------------------------------------+---------------------------------+---------------+-------------+----------------+
; COMPILER_SIGNATURE_ID               ; 273406400639900.153099572715000 ; --            ; --          ; --             ;
; EDA_OUTPUT_DATA_FORMAT              ; Vhdl                            ; --            ; --          ; eda_simulation ;
; EDA_SIMULATION_TOOL                 ; ModelSim-Altera (VHDL)          ; <None>        ; --          ; --             ;
; MAX_CORE_JUNCTION_TEMP              ; 85                              ; --            ; --          ; --             ;
; MIN_CORE_JUNCTION_TEMP              ; 0                               ; --            ; --          ; --             ;
; PARTITION_COLOR                     ; 16764057                        ; --            ; --          ; Top            ;
; PARTITION_FITTER_PRESERVATION_LEVEL ; PLACEMENT_AND_ROUTING           ; --            ; --          ; Top            ;
; PARTITION_NETLIST_TYPE              ; SOURCE                          ; --            ; --          ; Top            ;
; PROJECT_OUTPUT_DIRECTORY            ; output_files                    ; --            ; --          ; --             ;
+-------------------------------------+---------------------------------+---------------+-------------+----------------+


+-------------------------------------------------------------------------------------------------------------------------------+
; Flow Elapsed Time                                                                                                             ;
+---------------------------+--------------+-------------------------+---------------------+------------------------------------+
; Module Name               ; Elapsed Time ; Average Processors Used ; Peak Virtual Memory ; Total CPU Time (on all processors) ;
+---------------------------+--------------+-------------------------+---------------------+------------------------------------+
; Analysis & Synthesis      ; 00:00:03     ; 1.0                     ; 4644 MB             ; 00:00:02                           ;
; Fitter                    ; 00:02:01     ; 1.0                     ; 5858 MB             ; 00:01:44                           ;
; Assembler                 ; 00:00:02     ; 1.0                     ; 4600 MB             ; 00:00:01                           ;
; TimeQuest Timing Analyzer ; 00:00:18     ; 1.0                     ; 5141 MB             ; 00:00:13                           ;
; EDA Netlist Writer        ; 00:00:02     ; 1.0                     ; 4573 MB             ; 00:00:01                           ;
; Total                     ; 00:02:26     ; --                      ; --                  ; 00:02:01                           ;
+---------------------------+--------------+-------------------------+---------------------+------------------------------------+


+----------------------------------------------------------------------------------------+
; Flow OS Summary                                                                        ;
+---------------------------+------------------+-----------+------------+----------------+
; Module Name               ; Machine Hostname ; OS Name   ; OS Version ; Processor type ;
+---------------------------+------------------+-----------+------------+----------------+
; Analysis & Synthesis      ; DESKTOP-7KPFF0U  ; Windows 7 ; 6.2        ; x86_64         ;
; Fitter                    ; DESKTOP-7KPFF0U  ; Windows 7 ; 6.2        ; x86_64         ;
; Assembler                 ; DESKTOP-7KPFF0U  ; Windows 7 ; 6.2        ; x86_64         ;
; TimeQuest Timing Analyzer ; DESKTOP-7KPFF0U  ; Windows 7 ; 6.2        ; x86_64         ;
; EDA Netlist Writer        ; DESKTOP-7KPFF0U  ; Windows 7 ; 6.2        ; x86_64         ;
+---------------------------+------------------+-----------+------------+----------------+


------------
; Flow Log ;
------------
quartus_map --read_settings_files=on --write_settings_files=off halfadder -c halfadder
quartus_fit --read_settings_files=off --write_settings_files=off halfadder -c halfadder
quartus_asm --read_settings_files=off --write_settings_files=off halfadder -c halfadder
quartus_sta halfadder -c halfadder
quartus_eda --read_settings_files=off --write_settings_files=off halfadder -c halfadder



