Analysis & Synthesis report for top_calc
Mon Jul 16 13:14:54 2018
Quartus II 64-Bit Version 13.0.1 Build 232 06/12/2013 Service Pack 1 SJ Web Edition


---------------------
; Table of Contents ;
---------------------
  1. Legal Notice
  2. Analysis & Synthesis Summary
  3. Analysis & Synthesis Settings
  4. Parallel Compilation
  5. Analysis & Synthesis Source Files Read
  6. Analysis & Synthesis Resource Usage Summary
  7. Analysis & Synthesis Resource Utilization by Entity
  8. State Machine - |top_calc|FSMctrl:L0|EA
  9. User-Specified and Inferred Latches
 10. General Register Statistics
 11. Multiplexer Restructuring Statistics (Restructuring Performed)
 12. Elapsed Time Per Partition
 13. Analysis & Synthesis Messages



----------------
; Legal Notice ;
----------------
Copyright (C) 1991-2013 Altera Corporation
Your use of Altera Corporation's design tools, logic functions 
and other software and tools, and its AMPP partner logic 
functions, and any output files from any of the foregoing 
(including device programming or simulation files), and any 
associated documentation or information are expressly subject 
to the terms and conditions of the Altera Program License 
Subscription Agreement, Altera MegaCore Function License 
Agreement, or other applicable license agreement, including, 
without limitation, that your use is for the sole purpose of 
programming logic devices manufactured by Altera and sold by 
Altera or its authorized distributors.  Please refer to the 
applicable agreement for further details.



+---------------------------------------------------------------------------------------+
; Analysis & Synthesis Summary                                                          ;
+-------------------------------------+-------------------------------------------------+
; Analysis & Synthesis Status         ; Successful - Mon Jul 16 13:14:53 2018           ;
; Quartus II 64-Bit Version           ; 13.0.1 Build 232 06/12/2013 SP 1 SJ Web Edition ;
; Revision Name                       ; top_calc                                        ;
; Top-level Entity Name               ; top_calc                                        ;
; Family                              ; Cyclone V                                       ;
; Logic utilization (in ALMs)         ; N/A                                             ;
; Total registers                     ; 32                                              ;
; Total pins                          ; 37                                              ;
; Total virtual pins                  ; 0                                               ;
; Total block memory bits             ; 0                                               ;
; Total DSP Blocks                    ; 0                                               ;
; Total HSSI RX PCSs                  ; 0                                               ;
; Total HSSI PMA RX Deserializers     ; 0                                               ;
; Total HSSI PMA RX ATT Deserializers ; 0                                               ;
; Total HSSI TX PCSs                  ; 0                                               ;
; Total HSSI PMA TX Serializers       ; 0                                               ;
; Total HSSI PMA TX ATT Serializers   ; 0                                               ;
; Total PLLs                          ; 0                                               ;
; Total DLLs                          ; 0                                               ;
+-------------------------------------+-------------------------------------------------+


+---------------------------------------------------------------------------------------------------------------------------+
; Analysis & Synthesis Settings                                                                                             ;
+---------------------------------------------------------------------------------+--------------------+--------------------+
; Option                                                                          ; Setting            ; Default Value      ;
+---------------------------------------------------------------------------------+--------------------+--------------------+
; Device                                                                          ; 5CGXFC7C7F23C8     ;                    ;
; Top-level entity name                                                           ; top_calc           ; top_calc           ;
; Family name                                                                     ; Cyclone V          ; Cyclone IV GX      ;
; Use smart compilation                                                           ; Off                ; Off                ;
; Enable parallel Assembler and TimeQuest Timing Analyzer during compilation      ; On                 ; On                 ;
; Enable compact report table                                                     ; Off                ; Off                ;
; Restructure Multiplexers                                                        ; Auto               ; Auto               ;
; MLAB Add Timing Constraints For Mixed-Port Feed-Through Mode Setting Don't Care ; Off                ; Off                ;
; Create Debugging Nodes for IP Cores                                             ; Off                ; Off                ;
; Preserve fewer node names                                                       ; On                 ; On                 ;
; Disable OpenCore Plus hardware evaluation                                       ; Off                ; Off                ;
; Verilog Version                                                                 ; Verilog_2001       ; Verilog_2001       ;
; VHDL Version                                                                    ; VHDL_1993          ; VHDL_1993          ;
; State Machine Processing                                                        ; Auto               ; Auto               ;
; Safe State Machine                                                              ; Off                ; Off                ;
; Extract Verilog State Machines                                                  ; On                 ; On                 ;
; Extract VHDL State Machines                                                     ; On                 ; On                 ;
; Ignore Verilog initial constructs                                               ; Off                ; Off                ;
; Iteration limit for constant Verilog loops                                      ; 5000               ; 5000               ;
; Iteration limit for non-constant Verilog loops                                  ; 250                ; 250                ;
; Add Pass-Through Logic to Inferred RAMs                                         ; On                 ; On                 ;
; Infer RAMs from Raw Logic                                                       ; On                 ; On                 ;
; Parallel Synthesis                                                              ; On                 ; On                 ;
; DSP Block Balancing                                                             ; Auto               ; Auto               ;
; NOT Gate Push-Back                                                              ; On                 ; On                 ;
; Power-Up Don't Care                                                             ; On                 ; On                 ;
; Remove Redundant Logic Cells                                                    ; Off                ; Off                ;
; Remove Duplicate Registers                                                      ; On                 ; On                 ;
; Ignore CARRY Buffers                                                            ; Off                ; Off                ;
; Ignore CASCADE Buffers                                                          ; Off                ; Off                ;
; Ignore GLOBAL Buffers                                                           ; Off                ; Off                ;
; Ignore ROW GLOBAL Buffers                                                       ; Off                ; Off                ;
; Ignore LCELL Buffers                                                            ; Off                ; Off                ;
; Ignore SOFT Buffers                                                             ; On                 ; On                 ;
; Limit AHDL Integers to 32 Bits                                                  ; Off                ; Off                ;
; Optimization Technique                                                          ; Balanced           ; Balanced           ;
; Carry Chain Length                                                              ; 70                 ; 70                 ;
; Auto Carry Chains                                                               ; On                 ; On                 ;
; Auto Open-Drain Pins                                                            ; On                 ; On                 ;
; Perform WYSIWYG Primitive Resynthesis                                           ; Off                ; Off                ;
; Auto ROM Replacement                                                            ; On                 ; On                 ;
; Auto RAM Replacement                                                            ; On                 ; On                 ;
; Auto DSP Block Replacement                                                      ; On                 ; On                 ;
; Auto Shift Register Replacement                                                 ; Auto               ; Auto               ;
; Allow Shift Register Merging across Hierarchies                                 ; Auto               ; Auto               ;
; Auto Clock Enable Replacement                                                   ; On                 ; On                 ;
; Strict RAM Replacement                                                          ; Off                ; Off                ;
; Allow Synchronous Control Signals                                               ; On                 ; On                 ;
; Force Use of Synchronous Clear Signals                                          ; Off                ; Off                ;
; Auto Resource Sharing                                                           ; Off                ; Off                ;
; Allow Any RAM Size For Recognition                                              ; Off                ; Off                ;
; Allow Any ROM Size For Recognition                                              ; Off                ; Off                ;
; Allow Any Shift Register Size For Recognition                                   ; Off                ; Off                ;
; Use LogicLock Constraints during Resource Balancing                             ; On                 ; On                 ;
; Ignore translate_off and synthesis_off directives                               ; Off                ; Off                ;
; Timing-Driven Synthesis                                                         ; On                 ; On                 ;
; Report Parameter Settings                                                       ; On                 ; On                 ;
; Report Source Assignments                                                       ; On                 ; On                 ;
; Report Connectivity Checks                                                      ; On                 ; On                 ;
; Ignore Maximum Fan-Out Assignments                                              ; Off                ; Off                ;
; Synchronization Register Chain Length                                           ; 3                  ; 3                  ;
; PowerPlay Power Optimization                                                    ; Normal compilation ; Normal compilation ;
; HDL message level                                                               ; Level2             ; Level2             ;
; Suppress Register Optimization Related Messages                                 ; Off                ; Off                ;
; Number of Removed Registers Reported in Synthesis Report                        ; 5000               ; 5000               ;
; Number of Swept Nodes Reported in Synthesis Report                              ; 5000               ; 5000               ;
; Number of Inverted Registers Reported in Synthesis Report                       ; 100                ; 100                ;
; Clock MUX Protection                                                            ; On                 ; On                 ;
; Auto Gated Clock Conversion                                                     ; Off                ; Off                ;
; Block Design Naming                                                             ; Auto               ; Auto               ;
; SDC constraint protection                                                       ; Off                ; Off                ;
; Synthesis Effort                                                                ; Auto               ; Auto               ;
; Shift Register Replacement - Allow Asynchronous Clear Signal                    ; On                 ; On                 ;
; Pre-Mapping Resynthesis Optimization                                            ; Off                ; Off                ;
; Analysis & Synthesis Message Level                                              ; Medium             ; Medium             ;
; Disable Register Merging Across Hierarchies                                     ; Auto               ; Auto               ;
; Resource Aware Inference For Block RAM                                          ; On                 ; On                 ;
; Synthesis Seed                                                                  ; 1                  ; 1                  ;
; Automatic Parallel Synthesis                                                    ; Off                ; Off                ;
+---------------------------------------------------------------------------------+--------------------+--------------------+


Parallel compilation was disabled, but you have multiple processors available. Enable parallel compilation to reduce compilation time.
+-------------------------------------+
; Parallel Compilation                ;
+----------------------------+--------+
; Processors                 ; Number ;
+----------------------------+--------+
; Number detected on machine ; 4      ;
; Maximum allowed            ; 1      ;
+----------------------------+--------+


+---------------------------------------------------------------------------------------------------------------------+
; Analysis & Synthesis Source Files Read                                                                              ;
+----------------------------------+-----------------+-----------------+------------------------------------+---------+
; File Name with User-Entered Path ; Used in Netlist ; File Type       ; File Name with Absolute Path       ; Library ;
+----------------------------------+-----------------+-----------------+------------------------------------+---------+
; top_calc.vhd                     ; yes             ; User VHDL File  ; E:/altera/UFSC/AULA8/top_calc.vhd  ;         ;
; FSCctrl.vhd                      ; yes             ; User VHDL File  ; E:/altera/UFSC/AULA8/FSCctrl.vhd   ;         ;
; Decod7seg.vhd                    ; yes             ; User VHDL File  ; E:/altera/UFSC/AULA8/Decod7seg.vhd ;         ;
; D_8FF.vhd                        ; yes             ; User VHDL File  ; E:/altera/UFSC/AULA8/D_8FF.vhd     ;         ;
; D_4FF.vhd                        ; yes             ; User VHDL File  ; E:/altera/UFSC/AULA8/D_4FF.vhd     ;         ;
; mux4x1.vhd                       ; yes             ; User VHDL File  ; E:/altera/UFSC/AULA8/mux4x1.vhd    ;         ;
; c1.vhd                           ; yes             ; User VHDL File  ; E:/altera/UFSC/AULA8/c1.vhd        ;         ;
; c2.vhd                           ; yes             ; User VHDL File  ; E:/altera/UFSC/AULA8/c2.vhd        ;         ;
; c3.vhd                           ; yes             ; User VHDL File  ; E:/altera/UFSC/AULA8/c3.vhd        ;         ;
; c4.vhd                           ; yes             ; User VHDL File  ; E:/altera/UFSC/AULA8/c4.vhd        ;         ;
+----------------------------------+-----------------+-----------------+------------------------------------+---------+


+-----------------------------------------------------------+
; Analysis & Synthesis Resource Usage Summary               ;
+---------------------------------------------+-------------+
; Resource                                    ; Usage       ;
+---------------------------------------------+-------------+
; Estimate of Logic utilization (ALMs needed) ; 25          ;
;                                             ;             ;
; Combinational ALUT usage for logic          ; 44          ;
;     -- 7 input functions                    ; 0           ;
;     -- 6 input functions                    ; 0           ;
;     -- 5 input functions                    ; 11          ;
;     -- 4 input functions                    ; 16          ;
;     -- <=3 input functions                  ; 17          ;
;                                             ;             ;
; Dedicated logic registers                   ; 32          ;
;                                             ;             ;
; I/O pins                                    ; 37          ;
; Total DSP Blocks                            ; 0           ;
; Maximum fan-out node                        ; CLOCK~input ;
; Maximum fan-out                             ; 32          ;
; Total fan-out                               ; 343         ;
; Average fan-out                             ; 2.29        ;
+---------------------------------------------+-------------+


+---------------------------------------------------------------------------------------------------------------------------------------------------------------+
; Analysis & Synthesis Resource Utilization by Entity                                                                                                           ;
+----------------------------+-------------------+--------------+-------------------+------------+------+--------------+-------------------------+--------------+
; Compilation Hierarchy Node ; LC Combinationals ; LC Registers ; Block Memory Bits ; DSP Blocks ; Pins ; Virtual Pins ; Full Hierarchy Name     ; Library Name ;
+----------------------------+-------------------+--------------+-------------------+------------+------+--------------+-------------------------+--------------+
; |top_calc                  ; 44 (0)            ; 32 (0)       ; 0                 ; 0          ; 37   ; 0            ; |top_calc               ; work         ;
;    |C1:L2|                 ; 8 (8)             ; 0 (0)        ; 0                 ; 0          ; 0    ; 0            ; |top_calc|C1:L2         ; work         ;
;    |D_4FF:L7|              ; 0 (0)             ; 4 (4)        ; 0                 ; 0          ; 0    ; 0            ; |top_calc|D_4FF:L7      ; work         ;
;    |D_4FF:L8|              ; 0 (0)             ; 4 (4)        ; 0                 ; 0          ; 0    ; 0            ; |top_calc|D_4FF:L8      ; work         ;
;    |D_8FF:L1|              ; 0 (0)             ; 8 (8)        ; 0                 ; 0          ; 0    ; 0            ; |top_calc|D_8FF:L1      ; work         ;
;    |D_8FF:L9|              ; 0 (0)             ; 8 (8)        ; 0                 ; 0          ; 0    ; 0            ; |top_calc|D_8FF:L9      ; work         ;
;    |Decod7seg:L10|         ; 7 (7)             ; 0 (0)        ; 0                 ; 0          ; 0    ; 0            ; |top_calc|Decod7seg:L10 ; work         ;
;    |Decod7seg:L11|         ; 7 (7)             ; 0 (0)        ; 0                 ; 0          ; 0    ; 0            ; |top_calc|Decod7seg:L11 ; work         ;
;    |FSMctrl:L0|            ; 14 (14)           ; 8 (8)        ; 0                 ; 0          ; 0    ; 0            ; |top_calc|FSMctrl:L0    ; work         ;
;    |mux4x1:L6|             ; 8 (8)             ; 0 (0)        ; 0                 ; 0          ; 0    ; 0            ; |top_calc|mux4x1:L6     ; work         ;
+----------------------------+-------------------+--------------+-------------------+------------+------+--------------+-------------------------+--------------+
Note: For table entries with two numbers listed, the numbers in parentheses indicate the number of resources of the given type used by the specific entity alone. The numbers listed outside of parentheses indicate the total resources of the given type used by the specific entity and all of its sub-entities in the hierarchy.


Encoding Type:  One-Hot
+-----------------------------------------------------------------------+
; State Machine - |top_calc|FSMctrl:L0|EA                               ;
+-------+-------+-------+-------+-------+-------+-------+-------+-------+
; Name  ; EA.S7 ; EA.S6 ; EA.S5 ; EA.S4 ; EA.S3 ; EA.S2 ; EA.S1 ; EA.S0 ;
+-------+-------+-------+-------+-------+-------+-------+-------+-------+
; EA.S0 ; 0     ; 0     ; 0     ; 0     ; 0     ; 0     ; 0     ; 0     ;
; EA.S1 ; 0     ; 0     ; 0     ; 0     ; 0     ; 0     ; 1     ; 1     ;
; EA.S2 ; 0     ; 0     ; 0     ; 0     ; 0     ; 1     ; 0     ; 1     ;
; EA.S3 ; 0     ; 0     ; 0     ; 0     ; 1     ; 0     ; 0     ; 1     ;
; EA.S4 ; 0     ; 0     ; 0     ; 1     ; 0     ; 0     ; 0     ; 1     ;
; EA.S5 ; 0     ; 0     ; 1     ; 0     ; 0     ; 0     ; 0     ; 1     ;
; EA.S6 ; 0     ; 1     ; 0     ; 0     ; 0     ; 0     ; 0     ; 1     ;
; EA.S7 ; 1     ; 0     ; 0     ; 0     ; 0     ; 0     ; 0     ; 1     ;
+-------+-------+-------+-------+-------+-------+-------+-------+-------+


+---------------------------------------------------------------------------------------------------+
; User-Specified and Inferred Latches                                                               ;
+----------------------------------------------------+---------------------+------------------------+
; Latch Name                                         ; Latch Enable Signal ; Free of Timing Hazards ;
+----------------------------------------------------+---------------------+------------------------+
; FSMctrl:L0|Selecao[0]                              ; FSMctrl:L0|Selecao  ; yes                    ;
; FSMctrl:L0|Selecao[1]                              ; FSMctrl:L0|Selecao  ; yes                    ;
; Number of user-specified and inferred latches = 2  ;                     ;                        ;
+----------------------------------------------------+---------------------+------------------------+
Note: All latches listed above may not be present at the end of synthesis due to various synthesis optimizations.


+------------------------------------------------------+
; General Register Statistics                          ;
+----------------------------------------------+-------+
; Statistic                                    ; Value ;
+----------------------------------------------+-------+
; Total registers                              ; 32    ;
; Number of registers using Synchronous Clear  ; 0     ;
; Number of registers using Synchronous Load   ; 0     ;
; Number of registers using Asynchronous Clear ; 32    ;
; Number of registers using Asynchronous Load  ; 0     ;
; Number of registers using Clock Enable       ; 24    ;
; Number of registers using Preset             ; 0     ;
+----------------------------------------------+-------+


+------------------------------------------------------------------------------------------------------------------------------------------+
; Multiplexer Restructuring Statistics (Restructuring Performed)                                                                           ;
+--------------------+-----------+---------------+----------------------+------------------------+------------+----------------------------+
; Multiplexer Inputs ; Bus Width ; Baseline Area ; Area if Restructured ; Saving if Restructured ; Registered ; Example Multiplexer Output ;
+--------------------+-----------+---------------+----------------------+------------------------+------------+----------------------------+
; 4:1                ; 7 bits    ; 14 LEs        ; 14 LEs               ; 0 LEs                  ; No         ; |top_calc|mux4x1:L6|m[1]   ;
+--------------------+-----------+---------------+----------------------+------------------------+------------+----------------------------+


+-------------------------------+
; Elapsed Time Per Partition    ;
+----------------+--------------+
; Partition Name ; Elapsed Time ;
+----------------+--------------+
; Top            ; 00:00:01     ;
+----------------+--------------+


+-------------------------------+
; Analysis & Synthesis Messages ;
+-------------------------------+
Info: *******************************************************************
Info: Running Quartus II 64-Bit Analysis & Synthesis
    Info: Version 13.0.1 Build 232 06/12/2013 Service Pack 1 SJ Web Edition
    Info: Processing started: Mon Jul 16 13:14:50 2018
Info: Command: quartus_map --read_settings_files=on --write_settings_files=off top_calc -c top_calc
Warning (20028): Parallel compilation is not licensed and has been disabled
Info (12021): Found 2 design units, including 1 entities, in source file top_calc.vhd
    Info (12022): Found design unit 1: top_calc-topo_stru
    Info (12023): Found entity 1: top_calc
Info (12021): Found 2 design units, including 1 entities, in source file fscctrl.vhd
    Info (12022): Found design unit 1: FSMctrl-FSM_beh
    Info (12023): Found entity 1: FSMctrl
Info (12021): Found 2 design units, including 1 entities, in source file decod7seg.vhd
    Info (12022): Found design unit 1: Decod7seg-decod
    Info (12023): Found entity 1: Decod7seg
Info (12021): Found 2 design units, including 1 entities, in source file d_8ff.vhd
    Info (12022): Found design unit 1: D_8FF-behv
    Info (12023): Found entity 1: D_8FF
Info (12021): Found 2 design units, including 1 entities, in source file d_4ff.vhd
    Info (12022): Found design unit 1: D_4FF-behv
    Info (12023): Found entity 1: D_4FF
Info (12021): Found 2 design units, including 1 entities, in source file mux4x1.vhd
    Info (12022): Found design unit 1: mux4x1-circuito
    Info (12023): Found entity 1: mux4x1
Info (12021): Found 2 design units, including 1 entities, in source file c1.vhd
    Info (12022): Found design unit 1: C1-circuito
    Info (12023): Found entity 1: C1
Info (12021): Found 2 design units, including 1 entities, in source file c2.vhd
    Info (12022): Found design unit 1: C2-circuito
    Info (12023): Found entity 1: C2
Info (12021): Found 2 design units, including 1 entities, in source file c3.vhd
    Info (12022): Found design unit 1: C3-circuito
    Info (12023): Found entity 1: C3
Info (12021): Found 2 design units, including 1 entities, in source file c4.vhd
    Info (12022): Found design unit 1: C4-circuito
    Info (12023): Found entity 1: C4
Info (12127): Elaborating entity "top_calc" for the top level hierarchy
Info (12128): Elaborating entity "FSMctrl" for hierarchy "FSMctrl:L0"
Warning (10631): VHDL Process Statement warning at FSCctrl.vhd(27): inferring latch(es) for signal or variable "Selecao", which holds its previous value in one or more paths through the process
Info (10041): Inferred latch for "Selecao[0]" at FSCctrl.vhd(27)
Info (10041): Inferred latch for "Selecao[1]" at FSCctrl.vhd(27)
Info (12128): Elaborating entity "D_8FF" for hierarchy "D_8FF:L1"
Info (12128): Elaborating entity "C1" for hierarchy "C1:L2"
Info (12128): Elaborating entity "C2" for hierarchy "C2:L3"
Info (12128): Elaborating entity "C3" for hierarchy "C3:L4"
Info (12128): Elaborating entity "C4" for hierarchy "C4:L5"
Info (12128): Elaborating entity "mux4x1" for hierarchy "mux4x1:L6"
Info (12128): Elaborating entity "D_4FF" for hierarchy "D_4FF:L7"
Info (12128): Elaborating entity "Decod7seg" for hierarchy "Decod7seg:L10"
Warning (13024): Output pins are stuck at VCC or GND
    Warning (13410): Pin "LEDR[8]" is stuck at GND
    Warning (13410): Pin "LEDR[9]" is stuck at GND
Info (286030): Timing-Driven Synthesis is running
Info (16010): Generating hard_block partition "hard_block:auto_generated_inst"
    Info (16011): Adding 0 node(s), including 0 DDIO, 0 PLL, 0 transceiver and 0 LCELL
Info (21057): Implemented 105 device resources after synthesis - the final resource count might be different
    Info (21058): Implemented 13 input pins
    Info (21059): Implemented 24 output pins
    Info (21061): Implemented 68 logic cells
Info: Quartus II 64-Bit Analysis & Synthesis was successful. 0 errors, 5 warnings
    Info: Peak virtual memory: 4684 megabytes
    Info: Processing ended: Mon Jul 16 13:14:54 2018
    Info: Elapsed time: 00:00:04
    Info: Total CPU time (on all processors): 00:00:03


